<?xml version="1.0" encoding="UTF-8" standalone="no"?>
<beans xmlns="http://www.springframework.org/schema/beans" xmlns:xsi="http://www.w3.org/2001/XMLSchema-instance"
	xsi:schemaLocation="
	http://www.springframework.org/schema/beans http://www.springframework.org/schema/beans/spring-beans-3.0.xsd         
    ">
	<import resource="classpath:META-INF/spring/common-context.xml" />
	<import resource="classpath:META-INF/spring/database-context.xml" />
	<import resource="classpath:META-INF/spring/test-camel-context.xml" />
	<import resource="classpath:META-INF/spring/jbpm-context.xml" />
</beans>
